Unknown package type: alien
Unknown package type: anydesk
Unknown package type: apt-transport-https
Unknown package type: automake
Unknown package type: base-passwd
Unknown package type: bf
Unknown package type: binance
Unknown package type: brave-browser
Unknown package type: bsdutils
Unknown package type: build-essential
Unknown package type: ca-certificates
Unknown package type: cargo
Unknown package type: cmake
Unknown package type: code
Unknown package type: curl
Unknown package type: dash
Unknown package type: diffutils
Unknown package type: discord
Unknown package type: docker-ce
Unknown package type: dos2unix
Unknown package type: efibootmgr
Unknown package type: fd-find
Unknown package type: ffmpeg
Unknown package type: file
Unknown package type: findutils
Unknown package type: fonts-indic
Unknown package type: gcc
Unknown package type: gettext
Unknown package type: gh
Unknown package type: gimp
Unknown package type: git
Unknown package type: gnupg
Unknown package type: google-chrome-stable
Unknown package type: gparted
Unknown package type: grep
Unknown package type: grub-common
Unknown package type: grub-efi-amd64-bin
Unknown package type: grub-efi-amd64-signed
Unknown package type: grub-gfxpayload-lists
Unknown package type: grub-pc
Unknown package type: grub-pc-bin
Unknown package type: grub2-common
Unknown package type: gzip
Unknown package type: hostname
Unknown package type: hyphen-en-us
Unknown package type: i3
Unknown package type: init
Unknown package type: jenkins
Unknown package type: language-pack-en
Unknown package type: language-pack-en-base
Unknown package type: language-pack-gnome-en
Unknown package type: language-pack-gnome-en-base
Unknown package type: libarchive-tools
Unknown package type: libcairo2-dev
Unknown package type: libdebconfclient0
Unknown package type: libffi-dev
Unknown package type: libfuse2
Unknown package type: libgif-dev
Unknown package type: libjpeg-dev
Unknown package type: libluajit-5.1-2
Unknown package type: libluajit-5.1-common
Unknown package type: libluajit-5.1-dev
Unknown package type: libpango1.0-dev
Unknown package type: libpq-dev
Unknown package type: libpython3-dev
Unknown package type: libreoffice-help-common
Unknown package type: libreoffice-help-en-us
Unknown package type: librsvg2-dev
Unknown package type: libssl-dev
Unknown package type: libtool
Unknown package type: libtool-bin
Unknown package type: libvips-dev
Unknown package type: libvirt-daemon-system
Unknown package type: libvirt-dev
Unknown package type: libxcb-icccm4
Unknown package type: libxcb-image0
Unknown package type: libxcb-keysyms1
Unknown package type: libxcb-render-util0
Unknown package type: libxcb-xinerama0
Unknown package type: libxrender1
Unknown package type: lighttpd
Unknown package type: linux-generic-hwe-22.04
Unknown package type: login
Unknown package type: luajit
Unknown package type: m4
Unknown package type: make
Unknown package type: mokutil
Unknown package type: mongodb-compass
Unknown package type: mongodb-org
Unknown package type: mypy
Unknown package type: mysql-server
Unknown package type: mysql-workbench-community
Unknown package type: mythes-en-us
Unknown package type: nasm
Unknown package type: ncurses-base
Unknown package type: ncurses-bin
Unknown package type: neovim
Unknown package type: net-tools
Unknown package type: nginx
Unknown package type: ngrok
Unknown package type: nmap
Unknown package type: nodejs
Unknown package type: npm
Unknown package type: obs-studio
Unknown package type: openjdk-11-jdk
Unknown package type: openssh-server
Unknown package type: os-prober
Unknown package type: pgadmin4-desktop
Unknown package type: pkg-config
Unknown package type: pomodoneapp
Unknown package type: postgresql
Unknown package type: preload
Unknown package type: proton-vpn-gnome-desktop
Unknown package type: protonvpn-stable-release
Unknown package type: puppet
Unknown package type: python3
Unknown package type: python3-dev
Unknown package type: python3-lxml
Unknown package type: python3-pip
Unknown package type: python3-tk
Unknown package type: python3-venv
Unknown package type: python3.10-dev
Unknown package type: python3.10-venv
Unknown package type: qbrew
Unknown package type: redis-server
Unknown package type: remmina
Unknown package type: remmina-plugin-rdp
Unknown package type: ripgrep
Unknown package type: ruby
Unknown package type: ruby-augeas
Unknown package type: ruby-shadow
Unknown package type: shellcheck
Unknown package type: shim-signed
Unknown package type: slack-desktop
Unknown package type: snapd
Unknown package type: software-properties-common
Unknown package type: sshpass
Unknown package type: synaptic
Unknown package type: tableplus
Unknown package type: teamviewer
Unknown package type: telegram
Unknown package type: terminator
Unknown package type: termius-app
Unknown package type: tesseract-ocr
Unknown package type: tigervnc-viewer
Unknown package type: tightvncserver
Unknown package type: timeshift
Unknown package type: ubuntu-desktop
Unknown package type: ubuntu-desktop-minimal
Unknown package type: ubuntu-minimal
Unknown package type: ubuntu-pro-client-l10n
Unknown package type: ubuntu-restricted-extras
Unknown package type: ubuntu-standard
Unknown package type: ubuntu-wallpapers
Unknown package type: vim
Unknown package type: warp-terminal
Unknown package type: windscribe
Unknown package type: woeusb
Unknown package type: xfce4
Unknown package type: xfce4-goodies
Unknown package type: zlib1g-dev
Unknown package type: zoom
Unknown package type: zsh
